[debug] [2021-09-29T08:26:05.088Z] ----------------------------------------------------------------------
[debug] [2021-09-29T08:26:05.089Z] Command:       /usr/local/bin/firebase /Users/michaeltalbot/.cache/firebase/tools/lib/node_modules/firebase-tools/lib/bin/firebase deploy --only hosting
[debug] [2021-09-29T08:26:05.089Z] CLI Version:   9.16.0
[debug] [2021-09-29T08:26:05.089Z] Platform:      darwin
[debug] [2021-09-29T08:26:05.089Z] Node Version:  v12.18.1
[debug] [2021-09-29T08:26:05.093Z] Time:          Wed Sep 29 2021 09:26:05 GMT+0100 (British Summer Time)
[debug] [2021-09-29T08:26:05.093Z] ----------------------------------------------------------------------
[debug] 
[debug] [2021-09-29T08:26:05.125Z] Object "" in "firebase.json" has unknown property: {"additionalProperty":"apiKey"}
[debug] [2021-09-29T08:26:05.127Z] > command requires scopes: ["email","openid","https://www.googleapis.com/auth/cloudplatformprojects.readonly","https://www.googleapis.com/auth/firebase","https://www.googleapis.com/auth/cloud-platform"]
[debug] [2021-09-29T08:26:05.127Z] > authorizing via signed-in user (michael.john.talbot@googlemail.com)
[debug] [2021-09-29T08:26:05.127Z] [iam] checking project cccc-widget for permissions ["firebase.projects.get","firebasehosting.sites.update"]
[debug] [2021-09-29T08:26:05.129Z] >>> HTTP REQUEST POST https://cloudresourcemanager.googleapis.com/v1/projects/cccc-widget:testIamPermissions  
 {"permissions":["firebase.projects.get","firebasehosting.sites.update"]}
[debug] [2021-09-29T08:26:05.874Z] <<< HTTP RESPONSE 200 {"content-type":"application/json; charset=UTF-8","vary":"X-Origin, Referer, Origin,Accept-Encoding","date":"Wed, 29 Sep 2021 08:26:05 GMT","server":"ESF","cache-control":"private","x-xss-protection":"0","x-frame-options":"SAMEORIGIN","x-content-type-options":"nosniff","server-timing":"gfet4t7; dur=553","alt-svc":"h3=\":443\"; ma=2592000,h3-29=\":443\"; ma=2592000,h3-T051=\":443\"; ma=2592000,h3-Q050=\":443\"; ma=2592000,h3-Q046=\":443\"; ma=2592000,h3-Q043=\":443\"; ma=2592000,quic=\":443\"; ma=2592000; v=\"46,43\"","accept-ranges":"none","transfer-encoding":"chunked"}
[debug] [2021-09-29T08:26:05.875Z] > refreshing access token with scopes: []
[debug] [2021-09-29T08:26:05.876Z] >>> HTTP REQUEST POST https://www.googleapis.com/oauth2/v3/token  
 <request body omitted>
[debug] [2021-09-29T08:26:06.055Z] <<< HTTP RESPONSE 200 {"pragma":"no-cache","cache-control":"no-cache, no-store, max-age=0, must-revalidate","date":"Wed, 29 Sep 2021 08:26:06 GMT","expires":"Mon, 01 Jan 1990 00:00:00 GMT","content-type":"application/json; charset=utf-8","vary":"X-Origin, Referer, Origin,Accept-Encoding","server":"scaffolding on HTTPServer2","x-xss-protection":"0","x-frame-options":"SAMEORIGIN","x-content-type-options":"nosniff","alt-svc":"h3=\":443\"; ma=2592000,h3-29=\":443\"; ma=2592000,h3-T051=\":443\"; ma=2592000,h3-Q050=\":443\"; ma=2592000,h3-Q046=\":443\"; ma=2592000,h3-Q043=\":443\"; ma=2592000,quic=\":443\"; ma=2592000; v=\"46,43\"","accept-ranges":"none","transfer-encoding":"chunked"}
[debug] [2021-09-29T08:26:06.080Z] >>> [apiv2][query] GET https://firebase.googleapis.com/v1beta1/projects/cccc-widget [none]
[debug] [2021-09-29T08:26:06.403Z] <<< [apiv2][status] GET https://firebase.googleapis.com/v1beta1/projects/cccc-widget 200
[debug] [2021-09-29T08:26:06.403Z] <<< [apiv2][body] GET https://firebase.googleapis.com/v1beta1/projects/cccc-widget {"projectId":"cccc-widget","projectNumber":"161601216755","displayName":"cccc-widget","name":"projects/cccc-widget","resources":{"hostingSite":"cccc-widget","storageBucket":"cccc-widget.appspot.com","locationId":"europe-west"},"state":"ACTIVE"}
[info] 
[info] === Deploying to 'cccc-widget'...
[info] 
[info] i  deploying hosting 
[debug] [2021-09-29T08:26:06.405Z] > refreshing access token with scopes: ["email","https://www.googleapis.com/auth/cloud-platform","https://www.googleapis.com/auth/cloudplatformprojects.readonly","https://www.googleapis.com/auth/firebase","openid"]
[debug] [2021-09-29T08:26:06.405Z] >>> HTTP REQUEST POST https://www.googleapis.com/oauth2/v3/token  
 <request body omitted>
[debug] [2021-09-29T08:26:06.583Z] <<< HTTP RESPONSE 200 {"pragma":"no-cache","expires":"Mon, 01 Jan 1990 00:00:00 GMT","date":"Wed, 29 Sep 2021 08:26:06 GMT","cache-control":"no-cache, no-store, max-age=0, must-revalidate","content-type":"application/json; charset=utf-8","vary":"X-Origin, Referer, Origin,Accept-Encoding","server":"scaffolding on HTTPServer2","x-xss-protection":"0","x-frame-options":"SAMEORIGIN","x-content-type-options":"nosniff","alt-svc":"h3=\":443\"; ma=2592000,h3-29=\":443\"; ma=2592000,h3-T051=\":443\"; ma=2592000,h3-Q050=\":443\"; ma=2592000,h3-Q046=\":443\"; ma=2592000,h3-Q043=\":443\"; ma=2592000,quic=\":443\"; ma=2592000; v=\"46,43\"","accept-ranges":"none","transfer-encoding":"chunked"}
[debug] [2021-09-29T08:26:06.606Z] >>> HTTP REQUEST POST https://firebasehosting.googleapis.com/v1beta1/sites/cccc-widget/versions  
 {"config":{"rewrites":[{"glob":"**","path":"/index.html"}]},"labels":{"deployment-tool":"cli-firebase"}}
[debug] [2021-09-29T08:26:08.248Z] <<< HTTP RESPONSE 200 {"content-type":"application/json; charset=UTF-8","vary":"X-Origin, Referer, Origin,Accept-Encoding","date":"Wed, 29 Sep 2021 08:26:08 GMT","server":"ESF","cache-control":"private","x-xss-protection":"0","x-frame-options":"SAMEORIGIN","x-content-type-options":"nosniff","alt-svc":"h3=\":443\"; ma=2592000,h3-29=\":443\"; ma=2592000,h3-T051=\":443\"; ma=2592000,h3-Q050=\":443\"; ma=2592000,h3-Q046=\":443\"; ma=2592000,h3-Q043=\":443\"; ma=2592000,quic=\":443\"; ma=2592000; v=\"46,43\"","accept-ranges":"none","transfer-encoding":"chunked"}
[info] i  hosting[cccc-widget]: beginning deploy... 
[info] i  hosting[cccc-widget]: found 49 files in build 
[debug] [2021-09-29T08:26:09.396Z] > refreshing access token with scopes: []
[debug] [2021-09-29T08:26:09.396Z] >>> HTTP REQUEST POST https://www.googleapis.com/oauth2/v3/token  
 <request body omitted>
[debug] [2021-09-29T08:26:09.397Z] [hosting] hash cache [YnVpbGQ] stored for 49 files
[debug] [2021-09-29T08:26:09.397Z] [hosting][hash queue][FINAL] {"max":1134,"min":21,"avg":63.40816326530612,"active":0,"complete":49,"success":49,"errored":0,"retried":0,"total":49,"elapsed":1140}
[debug] [2021-09-29T08:26:09.544Z] <<< HTTP RESPONSE 200 {"pragma":"no-cache","date":"Wed, 29 Sep 2021 08:26:09 GMT","expires":"Mon, 01 Jan 1990 00:00:00 GMT","cache-control":"no-cache, no-store, max-age=0, must-revalidate","content-type":"application/json; charset=utf-8","vary":"X-Origin, Referer, Origin,Accept-Encoding","server":"scaffolding on HTTPServer2","x-xss-protection":"0","x-frame-options":"SAMEORIGIN","x-content-type-options":"nosniff","alt-svc":"h3=\":443\"; ma=2592000,h3-29=\":443\"; ma=2592000,h3-T051=\":443\"; ma=2592000,h3-Q050=\":443\"; ma=2592000,h3-Q046=\":443\"; ma=2592000,h3-Q043=\":443\"; ma=2592000,quic=\":443\"; ma=2592000; v=\"46,43\"","accept-ranges":"none","transfer-encoding":"chunked"}
[debug] [2021-09-29T08:26:09.570Z] >>> [apiv2][query] POST https://firebasehosting.googleapis.com/v1beta1/sites/cccc-widget/versions/fa140598ea3b730b:populateFiles [none]
[debug] [2021-09-29T08:26:09.570Z] >>> [apiv2][body] POST https://firebasehosting.googleapis.com/v1beta1/sites/cccc-widget/versions/fa140598ea3b730b:populateFiles {"files":{"/asset-manifest.json":"a296a55d1d175793a6c8604edff9d1998c51a6509631291b6f4f1fe344771e16","/index.html":"bb24b3903e1062b7614f21e21692cd0a7aa70f52a9273fe560839342dad8c688","/logo192.png":"caff018b7f1e8fd481eb1c50d75b0ef236bcd5078b1d15c8bb348453fee30293","/favicon.ico":"b72f7455f00e4e58792d2bca892abb068e2213838c0316d6b7a0d6d16acd1955","/logo512.png":"191fc21360b4ccfb1cda11a1efb97f489ed22672ca83f4064316802bbfdd750e","/static/css/7.8e4e8e1f.chunk.css":"c656e1e97fa0e6049bfcc1fdb10e0ab60b764cae287691dcac6fd550b473b34e","/static/css/main.f2c8ea99.chunk.css":"5d9f5c45e9c3b0a59bc08ebe606afa398d5b00c0aea94dff4bfc786a175a1f61","/static/js/0.1b85b166.chunk.js":"b939999aeb9d213cf7d190c8de0f3e8144bfb9405de342a4ac9e146cf7b48473","/static/css/main.f2c8ea99.chunk.css.map":"fc6a1df2df7b1363f80827489d71b9895a196290c09e86fe215a412d2097f28a","/manifest.json":"341d52628782f8ac9290bbfc43298afccb47b7cbfcee146ae30cf0f46bc30900","/static/js/1.75b45235.chunk.js.LICENSE.txt":"a262519a3f56da25df0278df4188b1bcf7233f8268166f704784355b14914933","/robots.txt":"391d14b3c2f8c9143a27a28c7399585142228d4d1bdbe2c87ac946de411fa9a2","/static/css/1.d964bb24.chunk.css":"71bd497c9802e39734888f4bd7b826522e2d2c96a8a623c60e79869e37c466a0","/static/js/10.900ad2eb.chunk.js":"d3a196c558e178a5a0daedaa7954d8db8da5fc83534e6df66f15ee6c6f2bcf1a","/static/js/10.900ad2eb.chunk.js.map":"90c2a798fd3162a52a564f2730421e37d0ee1787d5698996bc62f436d4d8cd66","/static/js/11.2b0318ff.chunk.js":"13f2b8047e2e078b52c87db828c77b71646b821c0d37f0eb6fd0475379200056","/static/js/11.2b0318ff.chunk.js.map":"d97fe1fa33204ea21907f9f62ee6dd04c008cda31bd706b72c181f6b2bd33fc5","/static/css/7.8e4e8e1f.chunk.css.map":"5c9c5e6073298309b99663c4e4b80c972bef9240bc99df21acc6f5a0e5d40618","/static/js/12.e12871a5.chunk.js":"e168e5792b211e5b0978067a23556d2e6196256388a720001372ef4ba0064cae","/static/js/13.a9a99dff.chunk.js":"a8227df7fa89e2cc5077497141ff6972ea37f6871e215766af9abce8c1042dce","/static/js/14.3ebe9cba.chunk.js.LICENSE.txt":"5db07db5b8200babd754855a9a4ed40750b0456f624c10d027d4085e4e5b4c3e","/static/js/13.a9a99dff.chunk.js.map":"fe72f7eb0e048f212c76c8b0442480f7648aad329eeb89698b35385959923af1","/static/js/3.32cad599.chunk.js.LICENSE.txt":"e00b623a476347bb1b200af9319821be4db0bbff0e4d371b758d590eeb44bfb4","/static/js/12.e12871a5.chunk.js.map":"fb7352a21c2f7169d316ea1dae729abf4b4de8ff6a992d96425f6dcc8de4e30a","/static/js/2.c1d0da03.chunk.js":"3a7558d6fb1ff71b07d5f10942ac312a6e2664d8134a095b2a25448f63d5c8c9","/static/js/7.13da7eb5.chunk.js.LICENSE.txt":"0968287121d78b62f4b8396a7e0bf5ca11a9e9fa8b1bf889ab4d200337dbd5f0","/static/js/8.1027cbb9.chunk.js":"b084feadf77d54eca5c61c6d2f9ee761e59624aadd0cc6c051d3e4f9f8000dd9","/static/js/8.1027cbb9.chunk.js.map":"448bad795632547efaac7323a83e8028f4096bb6a3d2f62a93dc31a8a1f1964c","/static/js/9.c6d69f5a.chunk.js":"6f61698575efda8b225aadae2e618eca95609ed1aacfb3181cb955dc6286bf02","/static/js/main.6c1fb3d9.chunk.js.LICENSE.txt":"e0968a0cc96324b5510e5188abbffde5d9806e2712e8676a46f92ccd3f0cd7a0","/static/js/runtime-main.1570314e.js":"00ea0c4482b187f9840b591361058fee1da5839cf0ba563f9c028d152976df75","/static/js/9.c6d69f5a.chunk.js.map":"2edd171bc64098a8d077a688d3e2e0aa3007b3ad70e36c2940b472139cef6cb7","/static/js/runtime-main.1570314e.js.map":"d56a45c433c674c48268cbb5cd494b4e3dc0058b3f73211846bb60fadbd2d7f2","/static/media/4C_logo.57ece77f.jpg":"7dbfdaf0b20de078c066951675f79f9527d49587dd7455d9e5d5fa58b99ff136","/static/css/1.d964bb24.chunk.css.map":"79ddfc90d257d6e6db1d6c9fd72ad81ca3c4eacade7184d66d23fe2c72034e1e","/static/js/main.6c1fb3d9.chunk.js":"adcca0767cba876488ffdd7297ea987011500fd734be5ee9fce4d193a3e29da8","/static/js/2.c1d0da03.chunk.js.map":"6fa06edb4765aa06da6dbc2983bdedce965e9851d953c54b74bf01bf0b6e9790","/static/js/14.3ebe9cba.chunk.js":"5a7914239f1303d6e40d36ded0366e06560c0d9f97e915e11bd33a9565a9eedc","/static/js/4.005f2c1a.chunk.js":"34831bf9886e293d9d9bb3f8f5bfff3e3b90f5da9934392d27f27b67f030e52f","/static/js/3.32cad599.chunk.js":"1b178d65fd0020958dc714bb72daff3575289e9f9b977d29739f4d89626912c0","/static/js/main.6c1fb3d9.chunk.js.map":"1a395fedde1ac50fa38c2deab74187d478ec8d468c2d71abf74ab35d10b42427","/static/js/0.1b85b166.chunk.js.map":"bbaf00a2ee98b7db88372cff8bdcc7ac3141206d8f5fd8418a6f58ef5895a3f9","/static/js/14.3ebe9cba.chunk.js.map":"7583b16cc008a383a72865be1f2821c8f7a5fc53c72de8bb13494003a0a784b0","/static/js/1.75b45235.chunk.js":"a28fdb5ad15c96b3c8f84fb94d8e37dc3894b93ff9b261d99f3954762fe2f00f","/static/js/4.005f2c1a.chunk.js.map":"e1ca439d466cf1bc6e5e5ad80800ab41305aeefb29d13b90999460dd826bc123","/static/js/7.13da7eb5.chunk.js":"6e7760be2b9e4160d288666ed3b36d40e01215f717f833e48d13a82d2ac8a8bb","/static/js/3.32cad599.chunk.js.map":"e3b8801c769d6bc61c127179398cc02704769f11f80a24bd24a7421cd1b38c30","/static/js/1.75b45235.chunk.js.map":"1dd575d4b02ea7b8353871de640797f64cfa8a4820749528157eae89436b0338","/static/js/7.13da7eb5.chunk.js.map":"4492079abc6132a84a56af4ea02328cf4a45c9eb61c1019d275013f87af81362"}}
[debug] [2021-09-29T08:26:10.704Z] <<< [apiv2][status] POST https://firebasehosting.googleapis.com/v1beta1/sites/cccc-widget/versions/fa140598ea3b730b:populateFiles 200
[debug] [2021-09-29T08:26:10.704Z] <<< [apiv2][body] POST https://firebasehosting.googleapis.com/v1beta1/sites/cccc-widget/versions/fa140598ea3b730b:populateFiles {"uploadRequiredHashes":["d3a196c558e178a5a0daedaa7954d8db8da5fc83534e6df66f15ee6c6f2bcf1a","00ea0c4482b187f9840b591361058fee1da5839cf0ba563f9c028d152976df75","1dd575d4b02ea7b8353871de640797f64cfa8a4820749528157eae89436b0338","90c2a798fd3162a52a564f2730421e37d0ee1787d5698996bc62f436d4d8cd66","a8227df7fa89e2cc5077497141ff6972ea37f6871e215766af9abce8c1042dce","13f2b8047e2e078b52c87db828c77b71646b821c0d37f0eb6fd0475379200056","adcca0767cba876488ffdd7297ea987011500fd734be5ee9fce4d193a3e29da8","d97fe1fa33204ea21907f9f62ee6dd04c008cda31bd706b72c181f6b2bd33fc5","fe72f7eb0e048f212c76c8b0442480f7648aad329eeb89698b35385959923af1","5a7914239f1303d6e40d36ded0366e06560c0d9f97e915e11bd33a9565a9eedc","e1ca439d466cf1bc6e5e5ad80800ab41305aeefb29d13b90999460dd826bc123","6e7760be2b9e4160d288666ed3b36d40e01215f717f833e48d13a82d2ac8a8bb","6f61698575efda8b225aadae2e618eca95609ed1aacfb3181cb955dc6286bf02","b084feadf77d54eca5c61c6d2f9ee761e59624aadd0cc6c051d3e4f9f8000dd9","d56a45c433c674c48268cbb5cd494b4e3dc0058b3f73211846bb60fadbd2d7f2","7583b16cc008a383a72865be1f2821c8f7a5fc53c72de8bb13494003a0a784b0","1b178d65fd0020958dc714bb72daff3575289e9f9b977d29739f4d89626912c0","3a7558d6fb1ff71b07d5f10942ac312a6e2664d8134a095b2a25448f63d5c8c9","6fa06edb4765aa06da6dbc2983bdedce965e9851d953c54b74bf01bf0b6e9790","bb24b3903e1062b7614f21e21692cd0a7aa70f52a9273fe560839342dad8c688","2edd171bc64098a8d077a688d3e2e0aa3007b3ad70e36c2940b472139cef6cb7","34831bf9886e293d9d9bb3f8f5bfff3e3b90f5da9934392d27f27b67f030e52f","1a395fedde1ac50fa38c2deab74187d478ec8d468c2d71abf74ab35d10b42427","a296a55d1d175793a6c8604edff9d1998c51a6509631291b6f4f1fe344771e16","e3b8801c769d6bc61c127179398cc02704769f11f80a24bd24a7421cd1b38c30","4492079abc6132a84a56af4ea02328cf4a45c9eb61c1019d275013f87af81362","bbaf00a2ee98b7db88372cff8bdcc7ac3141206d8f5fd8418a6f58ef5895a3f9","a28fdb5ad15c96b3c8f84fb94d8e37dc3894b93ff9b261d99f3954762fe2f00f","448bad795632547efaac7323a83e8028f4096bb6a3d2f62a93dc31a8a1f1964c","b939999aeb9d213cf7d190c8de0f3e8144bfb9405de342a4ac9e146cf7b48473"],"uploadUrl":"https://upload-firebasehosting.googleapis.com/upload/sites/cccc-widget/versions/fa140598ea3b730b/files"}
[debug] [2021-09-29T08:26:10.711Z] >>> [apiv2][query] POST https://upload-firebasehosting.googleapis.com/upload/sites/cccc-widget/versions/fa140598ea3b730b/files/d3a196c558e178a5a0daedaa7954d8db8da5fc83534e6df66f15ee6c6f2bcf1a [none]
[debug] [2021-09-29T08:26:10.711Z] >>> [apiv2][body] POST https://upload-firebasehosting.googleapis.com/upload/sites/cccc-widget/versions/fa140598ea3b730b/files/d3a196c558e178a5a0daedaa7954d8db8da5fc83534e6df66f15ee6c6f2bcf1a [stream]
[debug] [2021-09-29T08:26:10.711Z] >>> [apiv2][query] POST https://upload-firebasehosting.googleapis.com/upload/sites/cccc-widget/versions/fa140598ea3b730b/files/00ea0c4482b187f9840b591361058fee1da5839cf0ba563f9c028d152976df75 [none]
[debug] [2021-09-29T08:26:10.711Z] >>> [apiv2][body] POST https://upload-firebasehosting.googleapis.com/upload/sites/cccc-widget/versions/fa140598ea3b730b/files/00ea0c4482b187f9840b591361058fee1da5839cf0ba563f9c028d152976df75 [stream]
[debug] [2021-09-29T08:26:10.712Z] >>> [apiv2][query] POST https://upload-firebasehosting.googleapis.com/upload/sites/cccc-widget/versions/fa140598ea3b730b/files/1dd575d4b02ea7b8353871de640797f64cfa8a4820749528157eae89436b0338 [none]
[debug] [2021-09-29T08:26:10.712Z] >>> [apiv2][body] POST https://upload-firebasehosting.googleapis.com/upload/sites/cccc-widget/versions/fa140598ea3b730b/files/1dd575d4b02ea7b8353871de640797f64cfa8a4820749528157eae89436b0338 [stream]
[debug] [2021-09-29T08:26:10.712Z] >>> [apiv2][query] POST https://upload-firebasehosting.googleapis.com/upload/sites/cccc-widget/versions/fa140598ea3b730b/files/90c2a798fd3162a52a564f2730421e37d0ee1787d5698996bc62f436d4d8cd66 [none]
[debug] [2021-09-29T08:26:10.712Z] >>> [apiv2][body] POST https://upload-firebasehosting.googleapis.com/upload/sites/cccc-widget/versions/fa140598ea3b730b/files/90c2a798fd3162a52a564f2730421e37d0ee1787d5698996bc62f436d4d8cd66 [stream]
[debug] [2021-09-29T08:26:10.713Z] >>> [apiv2][query] POST https://upload-firebasehosting.googleapis.com/upload/sites/cccc-widget/versions/fa140598ea3b730b/files/a8227df7fa89e2cc5077497141ff6972ea37f6871e215766af9abce8c1042dce [none]
[debug] [2021-09-29T08:26:10.713Z] >>> [apiv2][body] POST https://upload-firebasehosting.googleapis.com/upload/sites/cccc-widget/versions/fa140598ea3b730b/files/a8227df7fa89e2cc5077497141ff6972ea37f6871e215766af9abce8c1042dce [stream]
[debug] [2021-09-29T08:26:10.713Z] >>> [apiv2][query] POST https://upload-firebasehosting.googleapis.com/upload/sites/cccc-widget/versions/fa140598ea3b730b/files/13f2b8047e2e078b52c87db828c77b71646b821c0d37f0eb6fd0475379200056 [none]
[debug] [2021-09-29T08:26:10.713Z] >>> [apiv2][body] POST https://upload-firebasehosting.googleapis.com/upload/sites/cccc-widget/versions/fa140598ea3b730b/files/13f2b8047e2e078b52c87db828c77b71646b821c0d37f0eb6fd0475379200056 [stream]
[debug] [2021-09-29T08:26:10.714Z] >>> [apiv2][query] POST https://upload-firebasehosting.googleapis.com/upload/sites/cccc-widget/versions/fa140598ea3b730b/files/adcca0767cba876488ffdd7297ea987011500fd734be5ee9fce4d193a3e29da8 [none]
[debug] [2021-09-29T08:26:10.714Z] >>> [apiv2][body] POST https://upload-firebasehosting.googleapis.com/upload/sites/cccc-widget/versions/fa140598ea3b730b/files/adcca0767cba876488ffdd7297ea987011500fd734be5ee9fce4d193a3e29da8 [stream]
[debug] [2021-09-29T08:26:10.714Z] >>> [apiv2][query] POST https://upload-firebasehosting.googleapis.com/upload/sites/cccc-widget/versions/fa140598ea3b730b/files/d97fe1fa33204ea21907f9f62ee6dd04c008cda31bd706b72c181f6b2bd33fc5 [none]
[debug] [2021-09-29T08:26:10.714Z] >>> [apiv2][body] POST https://upload-firebasehosting.googleapis.com/upload/sites/cccc-widget/versions/fa140598ea3b730b/files/d97fe1fa33204ea21907f9f62ee6dd04c008cda31bd706b72c181f6b2bd33fc5 [stream]
[debug] [2021-09-29T08:26:10.714Z] >>> [apiv2][query] POST https://upload-firebasehosting.googleapis.com/upload/sites/cccc-widget/versions/fa140598ea3b730b/files/fe72f7eb0e048f212c76c8b0442480f7648aad329eeb89698b35385959923af1 [none]
[debug] [2021-09-29T08:26:10.714Z] >>> [apiv2][body] POST https://upload-firebasehosting.googleapis.com/upload/sites/cccc-widget/versions/fa140598ea3b730b/files/fe72f7eb0e048f212c76c8b0442480f7648aad329eeb89698b35385959923af1 [stream]
[debug] [2021-09-29T08:26:10.715Z] >>> [apiv2][query] POST https://upload-firebasehosting.googleapis.com/upload/sites/cccc-widget/versions/fa140598ea3b730b/files/5a7914239f1303d6e40d36ded0366e06560c0d9f97e915e11bd33a9565a9eedc [none]
[debug] [2021-09-29T08:26:10.715Z] >>> [apiv2][body] POST https://upload-firebasehosting.googleapis.com/upload/sites/cccc-widget/versions/fa140598ea3b730b/files/5a7914239f1303d6e40d36ded0366e06560c0d9f97e915e11bd33a9565a9eedc [stream]
[debug] [2021-09-29T08:26:10.715Z] >>> [apiv2][query] POST https://upload-firebasehosting.googleapis.com/upload/sites/cccc-widget/versions/fa140598ea3b730b/files/e1ca439d466cf1bc6e5e5ad80800ab41305aeefb29d13b90999460dd826bc123 [none]
[debug] [2021-09-29T08:26:10.715Z] >>> [apiv2][body] POST https://upload-firebasehosting.googleapis.com/upload/sites/cccc-widget/versions/fa140598ea3b730b/files/e1ca439d466cf1bc6e5e5ad80800ab41305aeefb29d13b90999460dd826bc123 [stream]
[debug] [2021-09-29T08:26:10.716Z] >>> [apiv2][query] POST https://upload-firebasehosting.googleapis.com/upload/sites/cccc-widget/versions/fa140598ea3b730b/files/6e7760be2b9e4160d288666ed3b36d40e01215f717f833e48d13a82d2ac8a8bb [none]
[debug] [2021-09-29T08:26:10.716Z] >>> [apiv2][body] POST https://upload-firebasehosting.googleapis.com/upload/sites/cccc-widget/versions/fa140598ea3b730b/files/6e7760be2b9e4160d288666ed3b36d40e01215f717f833e48d13a82d2ac8a8bb [stream]
[debug] [2021-09-29T08:26:10.716Z] >>> [apiv2][query] POST https://upload-firebasehosting.googleapis.com/upload/sites/cccc-widget/versions/fa140598ea3b730b/files/6f61698575efda8b225aadae2e618eca95609ed1aacfb3181cb955dc6286bf02 [none]
[debug] [2021-09-29T08:26:10.716Z] >>> [apiv2][body] POST https://upload-firebasehosting.googleapis.com/upload/sites/cccc-widget/versions/fa140598ea3b730b/files/6f61698575efda8b225aadae2e618eca95609ed1aacfb3181cb955dc6286bf02 [stream]
[debug] [2021-09-29T08:26:10.716Z] >>> [apiv2][query] POST https://upload-firebasehosting.googleapis.com/upload/sites/cccc-widget/versions/fa140598ea3b730b/files/b084feadf77d54eca5c61c6d2f9ee761e59624aadd0cc6c051d3e4f9f8000dd9 [none]
[debug] [2021-09-29T08:26:10.717Z] >>> [apiv2][body] POST https://upload-firebasehosting.googleapis.com/upload/sites/cccc-widget/versions/fa140598ea3b730b/files/b084feadf77d54eca5c61c6d2f9ee761e59624aadd0cc6c051d3e4f9f8000dd9 [stream]
[debug] [2021-09-29T08:26:10.717Z] >>> [apiv2][query] POST https://upload-firebasehosting.googleapis.com/upload/sites/cccc-widget/versions/fa140598ea3b730b/files/d56a45c433c674c48268cbb5cd494b4e3dc0058b3f73211846bb60fadbd2d7f2 [none]
[debug] [2021-09-29T08:26:10.717Z] >>> [apiv2][body] POST https://upload-firebasehosting.googleapis.com/upload/sites/cccc-widget/versions/fa140598ea3b730b/files/d56a45c433c674c48268cbb5cd494b4e3dc0058b3f73211846bb60fadbd2d7f2 [stream]
[debug] [2021-09-29T08:26:10.717Z] >>> [apiv2][query] POST https://upload-firebasehosting.googleapis.com/upload/sites/cccc-widget/versions/fa140598ea3b730b/files/7583b16cc008a383a72865be1f2821c8f7a5fc53c72de8bb13494003a0a784b0 [none]
[debug] [2021-09-29T08:26:10.717Z] >>> [apiv2][body] POST https://upload-firebasehosting.googleapis.com/upload/sites/cccc-widget/versions/fa140598ea3b730b/files/7583b16cc008a383a72865be1f2821c8f7a5fc53c72de8bb13494003a0a784b0 [stream]
[debug] [2021-09-29T08:26:10.718Z] >>> [apiv2][query] POST https://upload-firebasehosting.googleapis.com/upload/sites/cccc-widget/versions/fa140598ea3b730b/files/1b178d65fd0020958dc714bb72daff3575289e9f9b977d29739f4d89626912c0 [none]
[debug] [2021-09-29T08:26:10.718Z] >>> [apiv2][body] POST https://upload-firebasehosting.googleapis.com/upload/sites/cccc-widget/versions/fa140598ea3b730b/files/1b178d65fd0020958dc714bb72daff3575289e9f9b977d29739f4d89626912c0 [stream]
[debug] [2021-09-29T08:26:10.718Z] >>> [apiv2][query] POST https://upload-firebasehosting.googleapis.com/upload/sites/cccc-widget/versions/fa140598ea3b730b/files/3a7558d6fb1ff71b07d5f10942ac312a6e2664d8134a095b2a25448f63d5c8c9 [none]
[debug] [2021-09-29T08:26:10.718Z] >>> [apiv2][body] POST https://upload-firebasehosting.googleapis.com/upload/sites/cccc-widget/versions/fa140598ea3b730b/files/3a7558d6fb1ff71b07d5f10942ac312a6e2664d8134a095b2a25448f63d5c8c9 [stream]
[debug] [2021-09-29T08:26:10.718Z] >>> [apiv2][query] POST https://upload-firebasehosting.googleapis.com/upload/sites/cccc-widget/versions/fa140598ea3b730b/files/6fa06edb4765aa06da6dbc2983bdedce965e9851d953c54b74bf01bf0b6e9790 [none]
[debug] [2021-09-29T08:26:10.718Z] >>> [apiv2][body] POST https://upload-firebasehosting.googleapis.com/upload/sites/cccc-widget/versions/fa140598ea3b730b/files/6fa06edb4765aa06da6dbc2983bdedce965e9851d953c54b74bf01bf0b6e9790 [stream]
[debug] [2021-09-29T08:26:10.719Z] >>> [apiv2][query] POST https://upload-firebasehosting.googleapis.com/upload/sites/cccc-widget/versions/fa140598ea3b730b/files/bb24b3903e1062b7614f21e21692cd0a7aa70f52a9273fe560839342dad8c688 [none]
[debug] [2021-09-29T08:26:10.719Z] >>> [apiv2][body] POST https://upload-firebasehosting.googleapis.com/upload/sites/cccc-widget/versions/fa140598ea3b730b/files/bb24b3903e1062b7614f21e21692cd0a7aa70f52a9273fe560839342dad8c688 [stream]
[debug] [2021-09-29T08:26:10.719Z] >>> [apiv2][query] POST https://upload-firebasehosting.googleapis.com/upload/sites/cccc-widget/versions/fa140598ea3b730b/files/2edd171bc64098a8d077a688d3e2e0aa3007b3ad70e36c2940b472139cef6cb7 [none]
[debug] [2021-09-29T08:26:10.719Z] >>> [apiv2][body] POST https://upload-firebasehosting.googleapis.com/upload/sites/cccc-widget/versions/fa140598ea3b730b/files/2edd171bc64098a8d077a688d3e2e0aa3007b3ad70e36c2940b472139cef6cb7 [stream]
[debug] [2021-09-29T08:26:10.719Z] >>> [apiv2][query] POST https://upload-firebasehosting.googleapis.com/upload/sites/cccc-widget/versions/fa140598ea3b730b/files/34831bf9886e293d9d9bb3f8f5bfff3e3b90f5da9934392d27f27b67f030e52f [none]
[debug] [2021-09-29T08:26:10.719Z] >>> [apiv2][body] POST https://upload-firebasehosting.googleapis.com/upload/sites/cccc-widget/versions/fa140598ea3b730b/files/34831bf9886e293d9d9bb3f8f5bfff3e3b90f5da9934392d27f27b67f030e52f [stream]
[debug] [2021-09-29T08:26:10.720Z] >>> [apiv2][query] POST https://upload-firebasehosting.googleapis.com/upload/sites/cccc-widget/versions/fa140598ea3b730b/files/1a395fedde1ac50fa38c2deab74187d478ec8d468c2d71abf74ab35d10b42427 [none]
[debug] [2021-09-29T08:26:10.720Z] >>> [apiv2][body] POST https://upload-firebasehosting.googleapis.com/upload/sites/cccc-widget/versions/fa140598ea3b730b/files/1a395fedde1ac50fa38c2deab74187d478ec8d468c2d71abf74ab35d10b42427 [stream]
[debug] [2021-09-29T08:26:10.720Z] >>> [apiv2][query] POST https://upload-firebasehosting.googleapis.com/upload/sites/cccc-widget/versions/fa140598ea3b730b/files/a296a55d1d175793a6c8604edff9d1998c51a6509631291b6f4f1fe344771e16 [none]
[debug] [2021-09-29T08:26:10.720Z] >>> [apiv2][body] POST https://upload-firebasehosting.googleapis.com/upload/sites/cccc-widget/versions/fa140598ea3b730b/files/a296a55d1d175793a6c8604edff9d1998c51a6509631291b6f4f1fe344771e16 [stream]
[debug] [2021-09-29T08:26:10.720Z] >>> [apiv2][query] POST https://upload-firebasehosting.googleapis.com/upload/sites/cccc-widget/versions/fa140598ea3b730b/files/e3b8801c769d6bc61c127179398cc02704769f11f80a24bd24a7421cd1b38c30 [none]
[debug] [2021-09-29T08:26:10.720Z] >>> [apiv2][body] POST https://upload-firebasehosting.googleapis.com/upload/sites/cccc-widget/versions/fa140598ea3b730b/files/e3b8801c769d6bc61c127179398cc02704769f11f80a24bd24a7421cd1b38c30 [stream]
[debug] [2021-09-29T08:26:10.721Z] >>> [apiv2][query] POST https://upload-firebasehosting.googleapis.com/upload/sites/cccc-widget/versions/fa140598ea3b730b/files/4492079abc6132a84a56af4ea02328cf4a45c9eb61c1019d275013f87af81362 [none]
[debug] [2021-09-29T08:26:10.721Z] >>> [apiv2][body] POST https://upload-firebasehosting.googleapis.com/upload/sites/cccc-widget/versions/fa140598ea3b730b/files/4492079abc6132a84a56af4ea02328cf4a45c9eb61c1019d275013f87af81362 [stream]
[debug] [2021-09-29T08:26:10.721Z] >>> [apiv2][query] POST https://upload-firebasehosting.googleapis.com/upload/sites/cccc-widget/versions/fa140598ea3b730b/files/bbaf00a2ee98b7db88372cff8bdcc7ac3141206d8f5fd8418a6f58ef5895a3f9 [none]
[debug] [2021-09-29T08:26:10.721Z] >>> [apiv2][body] POST https://upload-firebasehosting.googleapis.com/upload/sites/cccc-widget/versions/fa140598ea3b730b/files/bbaf00a2ee98b7db88372cff8bdcc7ac3141206d8f5fd8418a6f58ef5895a3f9 [stream]
[debug] [2021-09-29T08:26:10.721Z] >>> [apiv2][query] POST https://upload-firebasehosting.googleapis.com/upload/sites/cccc-widget/versions/fa140598ea3b730b/files/a28fdb5ad15c96b3c8f84fb94d8e37dc3894b93ff9b261d99f3954762fe2f00f [none]
[debug] [2021-09-29T08:26:10.721Z] >>> [apiv2][body] POST https://upload-firebasehosting.googleapis.com/upload/sites/cccc-widget/versions/fa140598ea3b730b/files/a28fdb5ad15c96b3c8f84fb94d8e37dc3894b93ff9b261d99f3954762fe2f00f [stream]
[debug] [2021-09-29T08:26:10.722Z] >>> [apiv2][query] POST https://upload-firebasehosting.googleapis.com/upload/sites/cccc-widget/versions/fa140598ea3b730b/files/448bad795632547efaac7323a83e8028f4096bb6a3d2f62a93dc31a8a1f1964c [none]
[debug] [2021-09-29T08:26:10.722Z] >>> [apiv2][body] POST https://upload-firebasehosting.googleapis.com/upload/sites/cccc-widget/versions/fa140598ea3b730b/files/448bad795632547efaac7323a83e8028f4096bb6a3d2f62a93dc31a8a1f1964c [stream]
[debug] [2021-09-29T08:26:10.722Z] >>> [apiv2][query] POST https://upload-firebasehosting.googleapis.com/upload/sites/cccc-widget/versions/fa140598ea3b730b/files/b939999aeb9d213cf7d190c8de0f3e8144bfb9405de342a4ac9e146cf7b48473 [none]
[debug] [2021-09-29T08:26:10.722Z] >>> [apiv2][body] POST https://upload-firebasehosting.googleapis.com/upload/sites/cccc-widget/versions/fa140598ea3b730b/files/b939999aeb9d213cf7d190c8de0f3e8144bfb9405de342a4ac9e146cf7b48473 [stream]
[debug] [2021-09-29T08:26:10.723Z] [hosting][populate queue][FINAL] {"max":1315,"min":1315,"avg":1315,"active":0,"complete":1,"success":1,"errored":0,"retried":0,"total":1,"elapsed":1327}
[debug] [2021-09-29T08:26:10.723Z] [hosting] uploads queued: 30
[debug] [2021-09-29T08:26:12.010Z] <<< [apiv2][status] POST https://upload-firebasehosting.googleapis.com/upload/sites/cccc-widget/versions/fa140598ea3b730b/files/fe72f7eb0e048f212c76c8b0442480f7648aad329eeb89698b35385959923af1 200
[debug] [2021-09-29T08:26:12.010Z] <<< [apiv2][body] POST https://upload-firebasehosting.googleapis.com/upload/sites/cccc-widget/versions/fa140598ea3b730b/files/fe72f7eb0e048f212c76c8b0442480f7648aad329eeb89698b35385959923af1 [stream]
[debug] [2021-09-29T08:26:12.041Z] <<< [apiv2][status] POST https://upload-firebasehosting.googleapis.com/upload/sites/cccc-widget/versions/fa140598ea3b730b/files/d97fe1fa33204ea21907f9f62ee6dd04c008cda31bd706b72c181f6b2bd33fc5 200
[debug] [2021-09-29T08:26:12.041Z] <<< [apiv2][body] POST https://upload-firebasehosting.googleapis.com/upload/sites/cccc-widget/versions/fa140598ea3b730b/files/d97fe1fa33204ea21907f9f62ee6dd04c008cda31bd706b72c181f6b2bd33fc5 [stream]
[debug] [2021-09-29T08:26:12.169Z] <<< [apiv2][status] POST https://upload-firebasehosting.googleapis.com/upload/sites/cccc-widget/versions/fa140598ea3b730b/files/2edd171bc64098a8d077a688d3e2e0aa3007b3ad70e36c2940b472139cef6cb7 200
[debug] [2021-09-29T08:26:12.169Z] <<< [apiv2][body] POST https://upload-firebasehosting.googleapis.com/upload/sites/cccc-widget/versions/fa140598ea3b730b/files/2edd171bc64098a8d077a688d3e2e0aa3007b3ad70e36c2940b472139cef6cb7 [stream]
[debug] [2021-09-29T08:26:12.225Z] <<< [apiv2][status] POST https://upload-firebasehosting.googleapis.com/upload/sites/cccc-widget/versions/fa140598ea3b730b/files/00ea0c4482b187f9840b591361058fee1da5839cf0ba563f9c028d152976df75 200
[debug] [2021-09-29T08:26:12.225Z] <<< [apiv2][body] POST https://upload-firebasehosting.googleapis.com/upload/sites/cccc-widget/versions/fa140598ea3b730b/files/00ea0c4482b187f9840b591361058fee1da5839cf0ba563f9c028d152976df75 [stream]
[debug] [2021-09-29T08:26:12.361Z] <<< [apiv2][status] POST https://upload-firebasehosting.googleapis.com/upload/sites/cccc-widget/versions/fa140598ea3b730b/files/a8227df7fa89e2cc5077497141ff6972ea37f6871e215766af9abce8c1042dce 200
[debug] [2021-09-29T08:26:12.361Z] <<< [apiv2][body] POST https://upload-firebasehosting.googleapis.com/upload/sites/cccc-widget/versions/fa140598ea3b730b/files/a8227df7fa89e2cc5077497141ff6972ea37f6871e215766af9abce8c1042dce [stream]
[debug] [2021-09-29T08:26:12.393Z] <<< [apiv2][status] POST https://upload-firebasehosting.googleapis.com/upload/sites/cccc-widget/versions/fa140598ea3b730b/files/448bad795632547efaac7323a83e8028f4096bb6a3d2f62a93dc31a8a1f1964c 200
[debug] [2021-09-29T08:26:12.393Z] <<< [apiv2][body] POST https://upload-firebasehosting.googleapis.com/upload/sites/cccc-widget/versions/fa140598ea3b730b/files/448bad795632547efaac7323a83e8028f4096bb6a3d2f62a93dc31a8a1f1964c [stream]
[debug] [2021-09-29T08:26:12.434Z] <<< [apiv2][status] POST https://upload-firebasehosting.googleapis.com/upload/sites/cccc-widget/versions/fa140598ea3b730b/files/d56a45c433c674c48268cbb5cd494b4e3dc0058b3f73211846bb60fadbd2d7f2 200
[debug] [2021-09-29T08:26:12.434Z] <<< [apiv2][body] POST https://upload-firebasehosting.googleapis.com/upload/sites/cccc-widget/versions/fa140598ea3b730b/files/d56a45c433c674c48268cbb5cd494b4e3dc0058b3f73211846bb60fadbd2d7f2 [stream]
[debug] [2021-09-29T08:26:12.505Z] <<< [apiv2][status] POST https://upload-firebasehosting.googleapis.com/upload/sites/cccc-widget/versions/fa140598ea3b730b/files/13f2b8047e2e078b52c87db828c77b71646b821c0d37f0eb6fd0475379200056 200
[debug] [2021-09-29T08:26:12.505Z] <<< [apiv2][body] POST https://upload-firebasehosting.googleapis.com/upload/sites/cccc-widget/versions/fa140598ea3b730b/files/13f2b8047e2e078b52c87db828c77b71646b821c0d37f0eb6fd0475379200056 [stream]
[debug] [2021-09-29T08:26:12.545Z] <<< [apiv2][status] POST https://upload-firebasehosting.googleapis.com/upload/sites/cccc-widget/versions/fa140598ea3b730b/files/d3a196c558e178a5a0daedaa7954d8db8da5fc83534e6df66f15ee6c6f2bcf1a 200
[debug] [2021-09-29T08:26:12.545Z] <<< [apiv2][body] POST https://upload-firebasehosting.googleapis.com/upload/sites/cccc-widget/versions/fa140598ea3b730b/files/d3a196c558e178a5a0daedaa7954d8db8da5fc83534e6df66f15ee6c6f2bcf1a [stream]
[debug] [2021-09-29T08:26:12.561Z] <<< [apiv2][status] POST https://upload-firebasehosting.googleapis.com/upload/sites/cccc-widget/versions/fa140598ea3b730b/files/90c2a798fd3162a52a564f2730421e37d0ee1787d5698996bc62f436d4d8cd66 200
[debug] [2021-09-29T08:26:12.561Z] <<< [apiv2][body] POST https://upload-firebasehosting.googleapis.com/upload/sites/cccc-widget/versions/fa140598ea3b730b/files/90c2a798fd3162a52a564f2730421e37d0ee1787d5698996bc62f436d4d8cd66 [stream]
[debug] [2021-09-29T08:26:12.601Z] <<< [apiv2][status] POST https://upload-firebasehosting.googleapis.com/upload/sites/cccc-widget/versions/fa140598ea3b730b/files/b084feadf77d54eca5c61c6d2f9ee761e59624aadd0cc6c051d3e4f9f8000dd9 200
[debug] [2021-09-29T08:26:12.601Z] <<< [apiv2][body] POST https://upload-firebasehosting.googleapis.com/upload/sites/cccc-widget/versions/fa140598ea3b730b/files/b084feadf77d54eca5c61c6d2f9ee761e59624aadd0cc6c051d3e4f9f8000dd9 [stream]
[debug] [2021-09-29T08:26:12.618Z] <<< [apiv2][status] POST https://upload-firebasehosting.googleapis.com/upload/sites/cccc-widget/versions/fa140598ea3b730b/files/adcca0767cba876488ffdd7297ea987011500fd734be5ee9fce4d193a3e29da8 200
[debug] [2021-09-29T08:26:12.618Z] <<< [apiv2][body] POST https://upload-firebasehosting.googleapis.com/upload/sites/cccc-widget/versions/fa140598ea3b730b/files/adcca0767cba876488ffdd7297ea987011500fd734be5ee9fce4d193a3e29da8 [stream]
[debug] [2021-09-29T08:26:12.641Z] <<< [apiv2][status] POST https://upload-firebasehosting.googleapis.com/upload/sites/cccc-widget/versions/fa140598ea3b730b/files/6f61698575efda8b225aadae2e618eca95609ed1aacfb3181cb955dc6286bf02 200
[debug] [2021-09-29T08:26:12.641Z] <<< [apiv2][body] POST https://upload-firebasehosting.googleapis.com/upload/sites/cccc-widget/versions/fa140598ea3b730b/files/6f61698575efda8b225aadae2e618eca95609ed1aacfb3181cb955dc6286bf02 [stream]
[debug] [2021-09-29T08:26:12.881Z] <<< [apiv2][status] POST https://upload-firebasehosting.googleapis.com/upload/sites/cccc-widget/versions/fa140598ea3b730b/files/3a7558d6fb1ff71b07d5f10942ac312a6e2664d8134a095b2a25448f63d5c8c9 200
[debug] [2021-09-29T08:26:12.881Z] <<< [apiv2][body] POST https://upload-firebasehosting.googleapis.com/upload/sites/cccc-widget/versions/fa140598ea3b730b/files/3a7558d6fb1ff71b07d5f10942ac312a6e2664d8134a095b2a25448f63d5c8c9 [stream]
[debug] [2021-09-29T08:26:12.953Z] <<< [apiv2][status] POST https://upload-firebasehosting.googleapis.com/upload/sites/cccc-widget/versions/fa140598ea3b730b/files/bb24b3903e1062b7614f21e21692cd0a7aa70f52a9273fe560839342dad8c688 200
[debug] [2021-09-29T08:26:12.954Z] <<< [apiv2][body] POST https://upload-firebasehosting.googleapis.com/upload/sites/cccc-widget/versions/fa140598ea3b730b/files/bb24b3903e1062b7614f21e21692cd0a7aa70f52a9273fe560839342dad8c688 [stream]
[debug] [2021-09-29T08:26:13.009Z] <<< [apiv2][status] POST https://upload-firebasehosting.googleapis.com/upload/sites/cccc-widget/versions/fa140598ea3b730b/files/a296a55d1d175793a6c8604edff9d1998c51a6509631291b6f4f1fe344771e16 200
[debug] [2021-09-29T08:26:13.009Z] <<< [apiv2][body] POST https://upload-firebasehosting.googleapis.com/upload/sites/cccc-widget/versions/fa140598ea3b730b/files/a296a55d1d175793a6c8604edff9d1998c51a6509631291b6f4f1fe344771e16 [stream]
[debug] [2021-09-29T08:26:13.033Z] <<< [apiv2][status] POST https://upload-firebasehosting.googleapis.com/upload/sites/cccc-widget/versions/fa140598ea3b730b/files/1b178d65fd0020958dc714bb72daff3575289e9f9b977d29739f4d89626912c0 200
[debug] [2021-09-29T08:26:13.033Z] <<< [apiv2][body] POST https://upload-firebasehosting.googleapis.com/upload/sites/cccc-widget/versions/fa140598ea3b730b/files/1b178d65fd0020958dc714bb72daff3575289e9f9b977d29739f4d89626912c0 [stream]
[debug] [2021-09-29T08:26:13.066Z] <<< [apiv2][status] POST https://upload-firebasehosting.googleapis.com/upload/sites/cccc-widget/versions/fa140598ea3b730b/files/5a7914239f1303d6e40d36ded0366e06560c0d9f97e915e11bd33a9565a9eedc 200
[debug] [2021-09-29T08:26:13.066Z] <<< [apiv2][body] POST https://upload-firebasehosting.googleapis.com/upload/sites/cccc-widget/versions/fa140598ea3b730b/files/5a7914239f1303d6e40d36ded0366e06560c0d9f97e915e11bd33a9565a9eedc [stream]
[debug] [2021-09-29T08:26:13.105Z] <<< [apiv2][status] POST https://upload-firebasehosting.googleapis.com/upload/sites/cccc-widget/versions/fa140598ea3b730b/files/6fa06edb4765aa06da6dbc2983bdedce965e9851d953c54b74bf01bf0b6e9790 200
[debug] [2021-09-29T08:26:13.106Z] <<< [apiv2][body] POST https://upload-firebasehosting.googleapis.com/upload/sites/cccc-widget/versions/fa140598ea3b730b/files/6fa06edb4765aa06da6dbc2983bdedce965e9851d953c54b74bf01bf0b6e9790 [stream]
[debug] [2021-09-29T08:26:13.321Z] <<< [apiv2][status] POST https://upload-firebasehosting.googleapis.com/upload/sites/cccc-widget/versions/fa140598ea3b730b/files/b939999aeb9d213cf7d190c8de0f3e8144bfb9405de342a4ac9e146cf7b48473 200
[debug] [2021-09-29T08:26:13.321Z] <<< [apiv2][body] POST https://upload-firebasehosting.googleapis.com/upload/sites/cccc-widget/versions/fa140598ea3b730b/files/b939999aeb9d213cf7d190c8de0f3e8144bfb9405de342a4ac9e146cf7b48473 [stream]
[debug] [2021-09-29T08:26:13.322Z] <<< [apiv2][status] POST https://upload-firebasehosting.googleapis.com/upload/sites/cccc-widget/versions/fa140598ea3b730b/files/1a395fedde1ac50fa38c2deab74187d478ec8d468c2d71abf74ab35d10b42427 200
[debug] [2021-09-29T08:26:13.323Z] <<< [apiv2][body] POST https://upload-firebasehosting.googleapis.com/upload/sites/cccc-widget/versions/fa140598ea3b730b/files/1a395fedde1ac50fa38c2deab74187d478ec8d468c2d71abf74ab35d10b42427 [stream]
[debug] [2021-09-29T08:26:13.737Z] <<< [apiv2][status] POST https://upload-firebasehosting.googleapis.com/upload/sites/cccc-widget/versions/fa140598ea3b730b/files/34831bf9886e293d9d9bb3f8f5bfff3e3b90f5da9934392d27f27b67f030e52f 200
[debug] [2021-09-29T08:26:13.737Z] <<< [apiv2][body] POST https://upload-firebasehosting.googleapis.com/upload/sites/cccc-widget/versions/fa140598ea3b730b/files/34831bf9886e293d9d9bb3f8f5bfff3e3b90f5da9934392d27f27b67f030e52f [stream]
[debug] [2021-09-29T08:26:13.785Z] <<< [apiv2][status] POST https://upload-firebasehosting.googleapis.com/upload/sites/cccc-widget/versions/fa140598ea3b730b/files/e3b8801c769d6bc61c127179398cc02704769f11f80a24bd24a7421cd1b38c30 200
[debug] [2021-09-29T08:26:13.785Z] <<< [apiv2][body] POST https://upload-firebasehosting.googleapis.com/upload/sites/cccc-widget/versions/fa140598ea3b730b/files/e3b8801c769d6bc61c127179398cc02704769f11f80a24bd24a7421cd1b38c30 [stream]
[debug] [2021-09-29T08:26:13.865Z] <<< [apiv2][status] POST https://upload-firebasehosting.googleapis.com/upload/sites/cccc-widget/versions/fa140598ea3b730b/files/7583b16cc008a383a72865be1f2821c8f7a5fc53c72de8bb13494003a0a784b0 200
[debug] [2021-09-29T08:26:13.865Z] <<< [apiv2][body] POST https://upload-firebasehosting.googleapis.com/upload/sites/cccc-widget/versions/fa140598ea3b730b/files/7583b16cc008a383a72865be1f2821c8f7a5fc53c72de8bb13494003a0a784b0 [stream]
[debug] [2021-09-29T08:26:14.017Z] <<< [apiv2][status] POST https://upload-firebasehosting.googleapis.com/upload/sites/cccc-widget/versions/fa140598ea3b730b/files/bbaf00a2ee98b7db88372cff8bdcc7ac3141206d8f5fd8418a6f58ef5895a3f9 200
[debug] [2021-09-29T08:26:14.017Z] <<< [apiv2][body] POST https://upload-firebasehosting.googleapis.com/upload/sites/cccc-widget/versions/fa140598ea3b730b/files/bbaf00a2ee98b7db88372cff8bdcc7ac3141206d8f5fd8418a6f58ef5895a3f9 [stream]
[debug] [2021-09-29T08:26:14.345Z] <<< [apiv2][status] POST https://upload-firebasehosting.googleapis.com/upload/sites/cccc-widget/versions/fa140598ea3b730b/files/a28fdb5ad15c96b3c8f84fb94d8e37dc3894b93ff9b261d99f3954762fe2f00f 200
[debug] [2021-09-29T08:26:14.345Z] <<< [apiv2][body] POST https://upload-firebasehosting.googleapis.com/upload/sites/cccc-widget/versions/fa140598ea3b730b/files/a28fdb5ad15c96b3c8f84fb94d8e37dc3894b93ff9b261d99f3954762fe2f00f [stream]
[debug] [2021-09-29T08:26:14.369Z] <<< [apiv2][status] POST https://upload-firebasehosting.googleapis.com/upload/sites/cccc-widget/versions/fa140598ea3b730b/files/e1ca439d466cf1bc6e5e5ad80800ab41305aeefb29d13b90999460dd826bc123 200
[debug] [2021-09-29T08:26:14.369Z] <<< [apiv2][body] POST https://upload-firebasehosting.googleapis.com/upload/sites/cccc-widget/versions/fa140598ea3b730b/files/e1ca439d466cf1bc6e5e5ad80800ab41305aeefb29d13b90999460dd826bc123 [stream]
[debug] [2021-09-29T08:26:14.657Z] <<< [apiv2][status] POST https://upload-firebasehosting.googleapis.com/upload/sites/cccc-widget/versions/fa140598ea3b730b/files/6e7760be2b9e4160d288666ed3b36d40e01215f717f833e48d13a82d2ac8a8bb 200
[debug] [2021-09-29T08:26:14.657Z] <<< [apiv2][body] POST https://upload-firebasehosting.googleapis.com/upload/sites/cccc-widget/versions/fa140598ea3b730b/files/6e7760be2b9e4160d288666ed3b36d40e01215f717f833e48d13a82d2ac8a8bb [stream]
[debug] [2021-09-29T08:26:15.857Z] <<< [apiv2][status] POST https://upload-firebasehosting.googleapis.com/upload/sites/cccc-widget/versions/fa140598ea3b730b/files/1dd575d4b02ea7b8353871de640797f64cfa8a4820749528157eae89436b0338 200
[debug] [2021-09-29T08:26:15.857Z] <<< [apiv2][body] POST https://upload-firebasehosting.googleapis.com/upload/sites/cccc-widget/versions/fa140598ea3b730b/files/1dd575d4b02ea7b8353871de640797f64cfa8a4820749528157eae89436b0338 [stream]
